<?xml version="1.0" encoding="UTF-8"?>
<!-- Generated by org.testng.reporters.JUnitReportReporter -->
<testsuite hostname="DESKTOP-GM34SEO" failures="0" tests="4" name="tests.SauceApiTests" time="26.581" errors="0" timestamp="2023-01-12T11:53:51 IST" skipped="0">
  <testcase classname="tests.SauceApiTests" name="postValidUserTest" time="10.012"/>
  <system-out/>
  <testcase classname="tests.SauceApiTests" name="getAndVerifyValidMultipleUsersTest" time="14.906"/>
  <system-out/>
  <testcase classname="tests.SauceApiTests" name="getandVerifyInValidSingleUserTest" time="0.869"/>
  <system-out/>
  <testcase classname="tests.SauceApiTests" name="getandVerifyValidSingleUserTest" time="0.794"/>
  <system-out/>
</testsuite> <!-- tests.SauceApiTests -->
