<?xml version="1.0" encoding="UTF-8"?>
<!-- Generated by org.testng.reporters.JUnitReportReporter -->
<testsuite hostname="DESKTOP-GM34SEO" failures="0" tests="4" name="tests.SauceApiTests" time="25.139" errors="0" timestamp="2023-01-15T19:13:40 IST" skipped="0">
  <testcase classname="tests.SauceApiTests" name="getandVerifyValidSingleUserTest" time="0.373"/>
  <system-out/>
  <testcase classname="tests.SauceApiTests" name="getandVerifyInValidSingleUserTest" time="0.816"/>
  <system-out/>
  <testcase classname="tests.SauceApiTests" name="getAndVerifyValidMultipleUsersTest" time="17.281"/>
  <system-out/>
  <testcase classname="tests.SauceApiTests" name="postValidUserTest" time="6.669"/>
  <system-out/>
</testsuite> <!-- tests.SauceApiTests -->
