<?xml version="1.0" encoding="UTF-8"?>
<!-- Generated by org.testng.reporters.JUnitReportReporter -->
<testsuite hostname="DESKTOP-GM34SEO" failures="0" tests="2" name="tests.SauceE2ETests" time="62.394" errors="0" timestamp="2023-01-15T19:13:40 IST" skipped="0">
  <testcase classname="tests.SauceE2ETests" name="verifyUserIsLockedOutTest" time="38.542"/>
  <system-out/>
  <testcase classname="tests.SauceE2ETests" name="verifyProductsAddedToCartTest" time="23.852"/>
  <system-out/>
</testsuite> <!-- tests.SauceE2ETests -->
